<?xml version="1.0" encoding="UTF-8"?>
<testng-results ignored="0" total="1" passed="1" failed="0" skipped="0">
  <reporter-output>
  </reporter-output>
  <suite started-at="2018-05-16T17:14:30Z" name="Suite" finished-at="2018-05-16T17:14:34Z" duration-ms="3730">
    <groups>
    </groups>
    <test started-at="2018-05-16T17:14:30Z" name="Test" finished-at="2018-05-16T17:14:34Z" duration-ms="3730">
      <class name="com.project.mavenExample">
        <test-method signature="mavenTest1()[pri:0, instance:com.project.mavenExample@6b81ce95]" started-at="2018-05-16T17:14:30Z" name="mavenTest1" finished-at="2018-05-16T17:14:34Z" duration-ms="3694" status="PASS">
          <reporter-output>
          </reporter-output>
        </test-method> <!-- mavenTest1 -->
      </class> <!-- com.project.mavenExample -->
    </test> <!-- Test -->
  </suite> <!-- Suite -->
</testng-results>
